Kotlin/Travel3/app/build/intermediates/manifest_merge_blame_file/debug/manifest-merger-blame-debug-report.txt
1<?xml version="1.0" encoding="utf-8"?>
2<manifest xmlns:android="http://schemas.android.com/apk/res/android"
3    package="com.example.travelapp"
4    android:versionCode="1"
5    android:versionName="1.0" >
6
7    <uses-sdk
8        android:minSdkVersion="23"
8-->src\main\AndroidManifest.xml
9        android:targetSdkVersion="32" />
9-->src\main\AndroidManifest.xml
10
11    <uses-permission android:name="android.permission.INTERNET" />
11-->src\main\AndroidManifest.xml:6:5-67
11-->src\main\AndroidManifest.xml:6:22-64
12    <uses-permission android:name="android.permission.ACCESS_COARSE_LOCATION" />
12-->src\main\AndroidManifest.xml:7:5-81
12-->src\main\AndroidManifest.xml:7:22-78
13    <uses-permission android:name="android.permission.ACCESS_FINE_LOCATION" />
13-->src\main\AndroidManifest.xml:8:5-79
13-->src\main\AndroidManifest.xml:8:22-76
14    <uses-permission android:name="android.permission.ACCESS_BACKGROUND_LOCATION" />
14-->src\main\AndroidManifest.xml:9:5-85
14-->src\main\AndroidManifest.xml:9:22-82
15
16    <!-- Include required permissions for Google Maps API to run. -->
17    <uses-permission android:name="android.permission.ACCESS_NETWORK_STATE" />
17-->[com.google.android.gms:play-services-maps:17.0.1] AndroidManifest.xml:23:5-79
17-->[com.google.android.gms:play-services-maps:17.0.1] AndroidManifest.xml:23:22-76
18
19    <uses-feature
19-->[com.google.android.gms:play-services-maps:17.0.1] AndroidManifest.xml:26:5-28:35
20        android:glEsVersion="0x00020000"
20-->[com.google.android.gms:play-services-maps:17.0.1] AndroidManifest.xml:27:9-41
21        android:required="true" />
21-->[com.google.android.gms:play-services-maps:17.0.1] AndroidManifest.xml:28:9-32
22
23    <queries>
23-->[com.google.android.gms:play-services-maps:17.0.1] AndroidManifest.xml:30:5-34:15
24
25        <!-- Needs to be explicitly declared on Android R+ -->
26        <package android:name="com.google.android.apps.maps" />
26-->[com.google.android.gms:play-services-maps:17.0.1] AndroidManifest.xml:33:9-64
26-->[com.google.android.gms:play-services-maps:17.0.1] AndroidManifest.xml:33:18-61
27    </queries>
28
29    <application
29-->src\main\AndroidManifest.xml:11:5-39:19
30        android:allowBackup="true"
30-->src\main\AndroidManifest.xml:12:9-35
31        android:appComponentFactory="androidx.core.app.CoreComponentFactory"
31-->[androidx.core:core:1.8.0] AndroidManifest.xml:24:18-86
32        android:dataExtractionRules="@xml/data_extraction_rules"
32-->src\main\AndroidManifest.xml:13:9-65
33        android:debuggable="true"
34        android:extractNativeLibs="false"
35        android:fullBackupContent="@xml/backup_rules"
35-->src\main\AndroidManifest.xml:14:9-54
36        android:icon="@mipmap/ic_launcher"
36-->src\main\AndroidManifest.xml:15:9-43
37        android:label="@string/app_name"
37-->src\main\AndroidManifest.xml:16:9-41
38        android:roundIcon="@mipmap/ic_launcher_round"
38-->src\main\AndroidManifest.xml:17:9-54
39        android:supportsRtl="true"
39-->src\main\AndroidManifest.xml:18:9-35
40        android:testOnly="true"
41        android:theme="@style/Theme.TravelApp" >
41-->src\main\AndroidManifest.xml:19:9-47
42        <meta-data
42-->src\main\AndroidManifest.xml:22:9-24:71
43            android:name="com.google.android.geo.API_KEY"
43-->src\main\AndroidManifest.xml:23:13-58
44            android:value="AIzaSyC_aC5Tt6JJiBbPxyMwbf2WCcX6_iisFU8" />
44-->src\main\AndroidManifest.xml:24:13-68
45
46        <activity
46-->src\main\AndroidManifest.xml:26:9-29:59
47            android:name="com.example.travelapp.MapsActivity"
47-->src\main\AndroidManifest.xml:27:13-41
48            android:exported="false"
48-->src\main\AndroidManifest.xml:28:13-37
49            android:label="@string/title_activity_maps" />
49-->src\main\AndroidManifest.xml:29:13-56
50        <activity
50-->src\main\AndroidManifest.xml:30:9-38:20
51            android:name="com.example.travelapp.MainActivity"
51-->src\main\AndroidManifest.xml:31:13-41
52            android:exported="true" >
52-->src\main\AndroidManifest.xml:32:13-36
53            <intent-filter>
53-->src\main\AndroidManifest.xml:33:13-37:29
54                <action android:name="android.intent.action.MAIN" />
54-->src\main\AndroidManifest.xml:34:17-69
54-->src\main\AndroidManifest.xml:34:25-66
55
56                <category android:name="android.intent.category.LAUNCHER" />
56-->src\main\AndroidManifest.xml:36:17-77
56-->src\main\AndroidManifest.xml:36:27-74
57            </intent-filter>
58        </activity>
59        <!-- Needs to be explicitly declared on P+ -->
60        <uses-library
60-->[com.google.android.gms:play-services-maps:17.0.1] AndroidManifest.xml:39:9-41:40
61            android:name="org.apache.http.legacy"
61-->[com.google.android.gms:play-services-maps:17.0.1] AndroidManifest.xml:40:13-50
62            android:required="false" />
62-->[com.google.android.gms:play-services-maps:17.0.1] AndroidManifest.xml:41:13-37
63
64        <activity
64-->[com.google.android.gms:play-services-base:17.5.0] AndroidManifest.xml:23:9-26:75
65            android:name="com.google.android.gms.common.api.GoogleApiActivity"
65-->[com.google.android.gms:play-services-base:17.5.0] AndroidManifest.xml:24:13-79
66            android:exported="false"
66-->[com.google.android.gms:play-services-base:17.5.0] AndroidManifest.xml:25:13-37
67            android:theme="@android:style/Theme.Translucent.NoTitleBar" />
67-->[com.google.android.gms:play-services-base:17.5.0] AndroidManifest.xml:26:13-72
68
69        <meta-data
69-->[com.google.android.gms:play-services-basement:17.5.0] AndroidManifest.xml:23:9-25:69
70            android:name="com.google.android.gms.version"
70-->[com.google.android.gms:play-services-basement:17.5.0] AndroidManifest.xml:24:13-58
71            android:value="@integer/google_play_services_version" />
71-->[com.google.android.gms:play-services-basement:17.5.0] AndroidManifest.xml:25:13-66
72
73        <provider
73-->[androidx.emoji2:emoji2:1.2.0] AndroidManifest.xml:24:9-32:20
74            android:name="androidx.startup.InitializationProvider"
74-->[androidx.emoji2:emoji2:1.2.0] AndroidManifest.xml:25:13-67
75            android:authorities="com.example.travelapp.androidx-startup"
75-->[androidx.emoji2:emoji2:1.2.0] AndroidManifest.xml:26:13-68
76            android:exported="false" >
76-->[androidx.emoji2:emoji2:1.2.0] AndroidManifest.xml:27:13-37
77            <meta-data
77-->[androidx.emoji2:emoji2:1.2.0] AndroidManifest.xml:29:13-31:52
78                android:name="androidx.emoji2.text.EmojiCompatInitializer"
78-->[androidx.emoji2:emoji2:1.2.0] AndroidManifest.xml:30:17-75
79                android:value="androidx.startup" />
79-->[androidx.emoji2:emoji2:1.2.0] AndroidManifest.xml:31:17-49
80            <meta-data
80-->[androidx.lifecycle:lifecycle-process:2.4.1] AndroidManifest.xml:31:13-33:52
81                android:name="androidx.lifecycle.ProcessLifecycleInitializer"
81-->[androidx.lifecycle:lifecycle-process:2.4.1] AndroidManifest.xml:32:17-78
82                android:value="androidx.startup" />
82-->[androidx.lifecycle:lifecycle-process:2.4.1] AndroidManifest.xml:33:17-49
83        </provider>
84    </application>
85
86</manifest>